13.05.2026 15:01:30 AUTH: User=Anton, PasswordValid=False
13.05.2026 15:06:32 AUTH: User=Anton, PasswordValid=True
13.05.2026 15:14:59 AUTH: User=Anton, PasswordValid=True
13.05.2026 15:29:48 AUTH: User=Anton, PasswordValid=True
13.05.2026 15:44:45 AUTH: User=Anton, PasswordValid=True
13.05.2026 15:57:50 AUTH: User=Anton, PasswordValid=True
13.05.2026 17:00:55 AUTH: User=Anton, PasswordValid=True
13.05.2026 17:18:49 AUTH: User=Anton, PasswordValid=True
14.05.2026 05:10:04 AUTH: User=Anton, PasswordValid=True
14.05.2026 05:17:27 AUTH: User=Anton, PasswordValid=True
14.05.2026 05:24:13 AUTH: User=Anton, PasswordValid=True
14.05.2026 06:16:28 AUTH: User=Anton, PasswordValid=True
14.05.2026 07:01:23 AUTH: User=Anton, PasswordValid=True
14.05.2026 07:08:30 AUTH: User=Anton, PasswordValid=True
14.05.2026 07:14:06 AUTH: User=Anton, PasswordValid=True
14.05.2026 07:27:31 AUTH: User=Anton, PasswordValid=True
14.05.2026 07:44:44 AUTH: User=Anton, PasswordValid=True
14.05.2026 08:04:51 AUTH: User=Anton, PasswordValid=True
14.05.2026 17:12:43 AUTH: User=Anton, PasswordValid=True
14.05.2026 18:32:11 AUTH: User=Anton, PasswordValid=True
14.05.2026 18:33:33 AUTH: User=Grisa, PasswordValid=True
14.05.2026 20:06:20 AUTH: User=Anton, PasswordValid=True
14.05.2026 20:37:18 AUTH: User=Anton, PasswordValid=True
14.05.2026 20:37:49 AUTH: User=Grisa, PasswordValid=True
14.05.2026 20:40:19 AUTH: User=Anton, PasswordValid=True
14.05.2026 21:29:51 AUTH: User=Anton, PasswordValid=True
14.05.2026 21:31:48 AUTH: User=Anton, PasswordValid=True
14.05.2026 21:54:38 AUTH: User=Anton, PasswordValid=True
14.05.2026 21:56:41 AUTH: User=Anton, PasswordValid=True
14.05.2026 22:02:16 AUTH: User=Anton, PasswordValid=True
14.05.2026 22:03:05 AUTH: User=Anton, PasswordValid=True
14.05.2026 22:13:41 AUTH: User=Anton, PasswordValid=True
14.05.2026 22:17:27 AUTH: User=Anton, PasswordValid=True
14.05.2026 22:35:20 AUTH: User=Anton, PasswordValid=True
15.05.2026 05:25:44 AUTH: User=Anton, PasswordValid=True
15.05.2026 05:26:34 AUTH: User=Anton, PasswordValid=True
15.05.2026 05:27:18 AUTH: User=Denis, PasswordValid=False
15.05.2026 05:27:23 AUTH: User=Denis, PasswordValid=False
15.05.2026 05:28:14 AUTH: User=Slava, PasswordValid=False
15.05.2026 05:28:21 AUTH: User=Slava, PasswordValid=True
15.05.2026 05:29:01 AUTH: User=Anton, PasswordValid=True
15.05.2026 05:29:37 AUTH: User=Slava, PasswordValid=True
15.05.2026 05:49:35 AUTH: User=Anton, PasswordValid=True
15.05.2026 05:51:17 AUTH: User=Slava, PasswordValid=True
15.05.2026 05:53:07 AUTH: User=Anton, PasswordValid=True
15.05.2026 06:02:49 AUTH: User=Anton, PasswordValid=True
15.05.2026 06:11:34 AUTH: User=Anton, PasswordValid=True
15.05.2026 06:39:02 AUTH: User=Anton, PasswordValid=True
15.05.2026 06:53:27 AUTH: User=Anton, PasswordValid=True
15.05.2026 07:18:14 AUTH: User=Anton, PasswordValid=True
15.05.2026 07:35:07 AUTH: User=Anton, PasswordValid=True
15.05.2026 07:37:04 AUTH: User=Slava, PasswordValid=False
15.05.2026 07:37:06 AUTH: User=Slava, PasswordValid=True
15.05.2026 07:44:29 AUTH: User=Anton, PasswordValid=True
15.05.2026 08:08:25 AUTH: User=Anton, PasswordValid=True
15.05.2026 08:15:38 AUTH: User=Slava, PasswordValid=True
15.05.2026 08:21:05 AUTH: User=Denis, PasswordValid=False
15.05.2026 08:21:17 AUTH: User=Anton, PasswordValid=False
15.05.2026 08:21:19 AUTH: User=Anton, PasswordValid=False
15.05.2026 08:21:19 AUTH: User=Anton, PasswordValid=False
15.05.2026 08:21:28 AUTH: User=Anton, PasswordValid=True
15.05.2026 08:21:56 AUTH: User=Slava, PasswordValid=True
15.05.2026 08:26:32 AUTH: User=Anton, PasswordValid=False
15.05.2026 08:26:41 AUTH: User=Slava, PasswordValid=True
15.05.2026 08:30:39 AUTH: User=Slava, PasswordValid=True
15.05.2026 08:34:43 AUTH: User=Slava, PasswordValid=True
15.05.2026 08:35:36 AUTH: User=Anton, PasswordValid=True
15.05.2026 08:56:22 AUTH: User=Slava, PasswordValid=True
17.05.2026 21:35:17 AUTH: User=Anton, PasswordValid=True
17.05.2026 21:57:09 AUTH: User=sandu, PasswordValid=True
17.05.2026 21:58:04 AUTH: User=Anton, PasswordValid=True
18.05.2026 05:49:23 AUTH: User=Anton, PasswordValid=True
18.05.2026 05:50:34 AUTH: User not found - identifier=Grisa
18.05.2026 05:50:44 AUTH: User=Denis, PasswordValid=False
18.05.2026 05:50:45 AUTH: User=Denis, PasswordValid=False
18.05.2026 05:50:45 AUTH: User=Denis, PasswordValid=False
18.05.2026 05:50:45 AUTH: User=Denis, PasswordValid=False
18.05.2026 05:50:45 AUTH: User=Denis, PasswordValid=False
18.05.2026 05:50:46 AUTH: User=Denis, PasswordValid=False
18.05.2026 05:50:46 AUTH: User=Denis, PasswordValid=False
18.05.2026 05:51:03 AUTH: User=Slava, PasswordValid=True
18.05.2026 05:52:13 AUTH: User=Anton, PasswordValid=True
18.05.2026 05:52:40 AUTH: User=Anton, PasswordValid=True
18.05.2026 05:53:41 AUTH: User=Slava, PasswordValid=True
18.05.2026 06:10:37 AUTH: User=Anton, PasswordValid=True
19.05.2026 05:29:20 AUTH: User=Anton, PasswordValid=True
19.05.2026 05:35:25 AUTH: User=Anton, PasswordValid=True
19.05.2026 05:39:37 AUTH: User=Anton, PasswordValid=False
19.05.2026 05:39:55 AUTH: User=Anton, PasswordValid=True
19.05.2026 05:46:48 AUTH: User=Anton, PasswordValid=True
19.05.2026 06:00:10 AUTH: User=Anton, PasswordValid=True
19.05.2026 06:04:40 AUTH: User=Anton, PasswordValid=True
19.05.2026 06:10:29 AUTH: User=Anton, PasswordValid=True
19.05.2026 08:36:16 AUTH: User=Anton, PasswordValid=True
