12.05.2026 16:52:20 DB CHECK ERROR: MySqlConnector.MySqlException (0x80004005): Unable to connect to any of the specified MySQL hosts.
   at MySqlConnector.Core.ServerSession.ConnectAsync(ConnectionSettings cs, MySqlConnection connection, Int64 startingTimestamp, ILoadBalancer loadBalancer, Activity activity, IOBehavior ioBehavior, CancellationToken cancellationToken) in /_/src/MySqlConnector/Core/ServerSession.cs:line 439
   at MySqlConnector.Core.ServerSession.ConnectAndRedirectAsync(ILogger connectionLogger, ILogger poolLogger, IConnectionPoolMetadata pool, ConnectionSettings cs, ILoadBalancer loadBalancer, MySqlConnection connection, Action`4 logMessage, Int64 startingTimestamp, Activity activity, IOBehavior ioBehavior, CancellationToken cancellationToken) in /_/src/MySqlConnector/Core/ServerSession.cs:line 697
   at MySqlConnector.Core.ServerSession.ConnectAndRedirectAsync(ILogger connectionLogger, ILogger poolLogger, IConnectionPoolMetadata pool, ConnectionSettings cs, ILoadBalancer loadBalancer, MySqlConnection connection, Action`4 logMessage, Int64 startingTimestamp, Activity activity, IOBehavior ioBehavior, CancellationToken cancellationToken) in /_/src/MySqlConnector/Core/ServerSession.cs:line 702
   at MySqlConnector.Core.ConnectionPool.GetSessionAsync(MySqlConnection connection, Int64 startingTimestamp, Int32 timeoutMilliseconds, Activity activity, IOBehavior ioBehavior, CancellationToken cancellationToken) in /_/src/MySqlConnector/Core/ConnectionPool.cs:line 116
   at MySqlConnector.Core.ConnectionPool.GetSessionAsync(MySqlConnection connection, Int64 startingTimestamp, Int32 timeoutMilliseconds, Activity activity, IOBehavior ioBehavior, CancellationToken cancellationToken) in /_/src/MySqlConnector/Core/ConnectionPool.cs:line 150
   at MySqlConnector.MySqlConnection.CreateSessionAsync(ConnectionPool pool, Int64 startingTimestamp, Activity activity, Nullable`1 ioBehavior, CancellationToken cancellationToken) in /_/src/MySqlConnector/MySqlConnection.cs:line 1092
   at MySqlConnector.MySqlConnection.OpenAsync(Nullable`1 ioBehavior, CancellationToken cancellationToken) in /_/src/MySqlConnector/MySqlConnection.cs:line 567
   at MySqlConnector.MySqlConnection.Open() in /_/src/MySqlConnector/MySqlConnection.cs:line 522
   at GameWikiApp.Data.DbConnection.GetOpen() in B:\GameWikiApp\Data\DbConnection.cs:line 16
   at GameWikiApp.Services.AuthService.CheckDatabaseAsync() in B:\GameWikiApp\Services\AuthService.cs:line 81
12.05.2026 19:22:25 DB CHECK ERROR: System.Configuration.ConfigurationErrorsException: Configuration system failed to initialize
 ---> System.Configuration.ConfigurationErrorsException: Name cannot begin with the '<' character, hexadecimal value 0x3C. Line 5, position 1. (B:\GameWikiApp\bin\Debug\net10.0-windows\GameWikiApp.dll.config line 5)
 ---> System.Xml.XmlException: Name cannot begin with the '<' character, hexadecimal value 0x3C. Line 5, position 1.
   at System.Xml.XmlTextReaderImpl.Throw(Exception e)
   at System.Xml.XmlTextReaderImpl.Throw(String res, String[] args)
   at System.Xml.XmlTextReaderImpl.ParseAttributes()
   at System.Xml.XmlTextReaderImpl.ParseElement()
   at System.Xml.XmlTextReaderImpl.ParseElementContent()
   at System.Configuration.XmlUtil.CopyXmlNode(XmlUtilWriter utilWriter)
   at System.Configuration.XmlUtil.CopyElement(XmlUtilWriter utilWriter)
   at System.Configuration.XmlUtil.CopySection()
   at System.Configuration.BaseConfigurationRecord.ScanSectionsRecursive(XmlUtil xmlUtil, String parentConfigKey, Boolean inLocation, String locationSubPath, OverrideModeSetting overrideMode, Boolean skipInChildApps)
   at System.Configuration.BaseConfigurationRecord.ScanSections(XmlUtil xmlUtil)
   at System.Configuration.BaseConfigurationRecord.InitConfigFromFile()
   --- End of inner exception stack trace ---
   at System.Configuration.ConfigurationSchemaErrors.ThrowIfErrors(Boolean ignoreLocal)
   at System.Configuration.ClientConfigurationSystem.EnsureInit(String configKey)
   --- End of inner exception stack trace ---
   at System.Configuration.ClientConfigurationSystem.EnsureInit(String configKey)
   at System.Configuration.ClientConfigurationSystem.PrepareClientConfigSystem(String sectionName)
   at System.Configuration.ClientConfigurationSystem.System.Configuration.Internal.IInternalConfigSystem.GetSection(String sectionName)
   at System.Configuration.ConfigurationManager.get_ConnectionStrings()
   at GameWikiApp.Config.DatabaseConfig.get_ConnectionString() in B:\GameWikiApp\Config\DatabaseConfig.cs:line 7
   at GameWikiApp.Data.DbConnection.GetConnection() in B:\GameWikiApp\Data\DbConnection.cs:line 10
   at GameWikiApp.Data.DbConnection.GetOpen() in B:\GameWikiApp\Data\DbConnection.cs:line 15
   at GameWikiApp.Services.AuthService.CheckDatabaseAsync() in B:\GameWikiApp\Services\AuthService.cs:line 80
12.05.2026 19:22:45 DB CHECK ERROR: System.Configuration.ConfigurationErrorsException: Configuration system failed to initialize
 ---> System.Configuration.ConfigurationErrorsException: Name cannot begin with the '<' character, hexadecimal value 0x3C. Line 5, position 1. (B:\GameWikiApp\bin\Debug\net10.0-windows\GameWikiApp.dll.config line 5)
 ---> System.Xml.XmlException: Name cannot begin with the '<' character, hexadecimal value 0x3C. Line 5, position 1.
   at System.Xml.XmlTextReaderImpl.Throw(Exception e)
   at System.Xml.XmlTextReaderImpl.Throw(String res, String[] args)
   at System.Xml.XmlTextReaderImpl.ParseAttributes()
   at System.Xml.XmlTextReaderImpl.ParseElement()
   at System.Xml.XmlTextReaderImpl.ParseElementContent()
   at System.Configuration.XmlUtil.CopyXmlNode(XmlUtilWriter utilWriter)
   at System.Configuration.XmlUtil.CopyElement(XmlUtilWriter utilWriter)
   at System.Configuration.XmlUtil.CopySection()
   at System.Configuration.BaseConfigurationRecord.ScanSectionsRecursive(XmlUtil xmlUtil, String parentConfigKey, Boolean inLocation, String locationSubPath, OverrideModeSetting overrideMode, Boolean skipInChildApps)
   at System.Configuration.BaseConfigurationRecord.ScanSections(XmlUtil xmlUtil)
   at System.Configuration.BaseConfigurationRecord.InitConfigFromFile()
   --- End of inner exception stack trace ---
   at System.Configuration.ConfigurationSchemaErrors.ThrowIfErrors(Boolean ignoreLocal)
   at System.Configuration.ClientConfigurationSystem.EnsureInit(String configKey)
   --- End of inner exception stack trace ---
   at System.Configuration.ClientConfigurationSystem.EnsureInit(String configKey)
   at System.Configuration.ClientConfigurationSystem.PrepareClientConfigSystem(String sectionName)
   at System.Configuration.ClientConfigurationSystem.System.Configuration.Internal.IInternalConfigSystem.GetSection(String sectionName)
   at System.Configuration.ConfigurationManager.get_ConnectionStrings()
   at GameWikiApp.Config.DatabaseConfig.get_ConnectionString() in B:\GameWikiApp\Config\DatabaseConfig.cs:line 7
   at GameWikiApp.Data.DbConnection.GetConnection() in B:\GameWikiApp\Data\DbConnection.cs:line 10
   at GameWikiApp.Data.DbConnection.GetOpen() in B:\GameWikiApp\Data\DbConnection.cs:line 15
   at GameWikiApp.Services.AuthService.CheckDatabaseAsync() in B:\GameWikiApp\Services\AuthService.cs:line 80
12.05.2026 19:22:55 AUTH ERROR: System.Configuration.ConfigurationErrorsException: Configuration system failed to initialize
 ---> System.Configuration.ConfigurationErrorsException: Name cannot begin with the '<' character, hexadecimal value 0x3C. Line 5, position 1. (B:\GameWikiApp\bin\Debug\net10.0-windows\GameWikiApp.dll.config line 5)
 ---> System.Xml.XmlException: Name cannot begin with the '<' character, hexadecimal value 0x3C. Line 5, position 1.
   at System.Xml.XmlTextReaderImpl.Throw(Exception e)
   at System.Xml.XmlTextReaderImpl.Throw(String res, String[] args)
   at System.Xml.XmlTextReaderImpl.ParseAttributes()
   at System.Xml.XmlTextReaderImpl.ParseElement()
   at System.Xml.XmlTextReaderImpl.ParseElementContent()
   at System.Configuration.XmlUtil.CopyXmlNode(XmlUtilWriter utilWriter)
   at System.Configuration.XmlUtil.CopyElement(XmlUtilWriter utilWriter)
   at System.Configuration.XmlUtil.CopySection()
   at System.Configuration.BaseConfigurationRecord.ScanSectionsRecursive(XmlUtil xmlUtil, String parentConfigKey, Boolean inLocation, String locationSubPath, OverrideModeSetting overrideMode, Boolean skipInChildApps)
   at System.Configuration.BaseConfigurationRecord.ScanSections(XmlUtil xmlUtil)
   at System.Configuration.BaseConfigurationRecord.InitConfigFromFile()
   --- End of inner exception stack trace ---
   at System.Configuration.ConfigurationSchemaErrors.ThrowIfErrors(Boolean ignoreLocal)
   at System.Configuration.ClientConfigurationSystem.EnsureInit(String configKey)
   --- End of inner exception stack trace ---
   at System.Configuration.ConfigurationManager.PrepareConfigSystem()
   at System.Configuration.ConfigurationManager.get_ConnectionStrings()
   at GameWikiApp.Config.DatabaseConfig.get_ConnectionString() in B:\GameWikiApp\Config\DatabaseConfig.cs:line 7
   at GameWikiApp.Data.DbConnection.GetConnection() in B:\GameWikiApp\Data\DbConnection.cs:line 10
   at GameWikiApp.Data.UserRepository.GetOpen() in B:\GameWikiApp\Data\UserRepository.cs:line 76
   at GameWikiApp.Data.UserRepository.GetByUsernameAsync(String username) in B:\GameWikiApp\Data\UserRepository.cs:line 14
   at GameWikiApp.Services.AuthService.AuthenticateAsync(String identifier, String password) in B:\GameWikiApp\Services\AuthService.cs:line 50
12.05.2026 19:22:55 AUTH ERROR: System.Configuration.ConfigurationErrorsException: Configuration system failed to initialize
 ---> System.Configuration.ConfigurationErrorsException: Name cannot begin with the '<' character, hexadecimal value 0x3C. Line 5, position 1. (B:\GameWikiApp\bin\Debug\net10.0-windows\GameWikiApp.dll.config line 5)
 ---> System.Xml.XmlException: Name cannot begin with the '<' character, hexadecimal value 0x3C. Line 5, position 1.
   at System.Xml.XmlTextReaderImpl.Throw(Exception e)
   at System.Xml.XmlTextReaderImpl.Throw(String res, String[] args)
   at System.Xml.XmlTextReaderImpl.ParseAttributes()
   at System.Xml.XmlTextReaderImpl.ParseElement()
   at System.Xml.XmlTextReaderImpl.ParseElementContent()
   at System.Configuration.XmlUtil.CopyXmlNode(XmlUtilWriter utilWriter)
   at System.Configuration.XmlUtil.CopyElement(XmlUtilWriter utilWriter)
   at System.Configuration.XmlUtil.CopySection()
   at System.Configuration.BaseConfigurationRecord.ScanSectionsRecursive(XmlUtil xmlUtil, String parentConfigKey, Boolean inLocation, String locationSubPath, OverrideModeSetting overrideMode, Boolean skipInChildApps)
   at System.Configuration.BaseConfigurationRecord.ScanSections(XmlUtil xmlUtil)
   at System.Configuration.BaseConfigurationRecord.InitConfigFromFile()
   --- End of inner exception stack trace ---
   at System.Configuration.ConfigurationSchemaErrors.ThrowIfErrors(Boolean ignoreLocal)
   at System.Configuration.ClientConfigurationSystem.EnsureInit(String configKey)
   --- End of inner exception stack trace ---
   at System.Configuration.ConfigurationManager.PrepareConfigSystem()
   at System.Configuration.ConfigurationManager.get_ConnectionStrings()
   at GameWikiApp.Config.DatabaseConfig.get_ConnectionString() in B:\GameWikiApp\Config\DatabaseConfig.cs:line 7
   at GameWikiApp.Data.DbConnection.GetConnection() in B:\GameWikiApp\Data\DbConnection.cs:line 10
   at GameWikiApp.Data.UserRepository.GetOpen() in B:\GameWikiApp\Data\UserRepository.cs:line 76
   at GameWikiApp.Data.UserRepository.GetByUsernameAsync(String username) in B:\GameWikiApp\Data\UserRepository.cs:line 14
   at GameWikiApp.Services.AuthService.AuthenticateAsync(String identifier, String password) in B:\GameWikiApp\Services\AuthService.cs:line 50
12.05.2026 19:22:56 AUTH ERROR: System.Configuration.ConfigurationErrorsException: Configuration system failed to initialize
 ---> System.Configuration.ConfigurationErrorsException: Name cannot begin with the '<' character, hexadecimal value 0x3C. Line 5, position 1. (B:\GameWikiApp\bin\Debug\net10.0-windows\GameWikiApp.dll.config line 5)
 ---> System.Xml.XmlException: Name cannot begin with the '<' character, hexadecimal value 0x3C. Line 5, position 1.
   at System.Xml.XmlTextReaderImpl.Throw(Exception e)
   at System.Xml.XmlTextReaderImpl.Throw(String res, String[] args)
   at System.Xml.XmlTextReaderImpl.ParseAttributes()
   at System.Xml.XmlTextReaderImpl.ParseElement()
   at System.Xml.XmlTextReaderImpl.ParseElementContent()
   at System.Configuration.XmlUtil.CopyXmlNode(XmlUtilWriter utilWriter)
   at System.Configuration.XmlUtil.CopyElement(XmlUtilWriter utilWriter)
   at System.Configuration.XmlUtil.CopySection()
   at System.Configuration.BaseConfigurationRecord.ScanSectionsRecursive(XmlUtil xmlUtil, String parentConfigKey, Boolean inLocation, String locationSubPath, OverrideModeSetting overrideMode, Boolean skipInChildApps)
   at System.Configuration.BaseConfigurationRecord.ScanSections(XmlUtil xmlUtil)
   at System.Configuration.BaseConfigurationRecord.InitConfigFromFile()
   --- End of inner exception stack trace ---
   at System.Configuration.ConfigurationSchemaErrors.ThrowIfErrors(Boolean ignoreLocal)
   at System.Configuration.ClientConfigurationSystem.EnsureInit(String configKey)
   --- End of inner exception stack trace ---
   at System.Configuration.ConfigurationManager.PrepareConfigSystem()
   at System.Configuration.ConfigurationManager.get_ConnectionStrings()
   at GameWikiApp.Config.DatabaseConfig.get_ConnectionString() in B:\GameWikiApp\Config\DatabaseConfig.cs:line 7
   at GameWikiApp.Data.DbConnection.GetConnection() in B:\GameWikiApp\Data\DbConnection.cs:line 10
   at GameWikiApp.Data.UserRepository.GetOpen() in B:\GameWikiApp\Data\UserRepository.cs:line 76
   at GameWikiApp.Data.UserRepository.GetByUsernameAsync(String username) in B:\GameWikiApp\Data\UserRepository.cs:line 14
   at GameWikiApp.Services.AuthService.AuthenticateAsync(String identifier, String password) in B:\GameWikiApp\Services\AuthService.cs:line 50
12.05.2026 19:22:56 AUTH ERROR: System.Configuration.ConfigurationErrorsException: Configuration system failed to initialize
 ---> System.Configuration.ConfigurationErrorsException: Name cannot begin with the '<' character, hexadecimal value 0x3C. Line 5, position 1. (B:\GameWikiApp\bin\Debug\net10.0-windows\GameWikiApp.dll.config line 5)
 ---> System.Xml.XmlException: Name cannot begin with the '<' character, hexadecimal value 0x3C. Line 5, position 1.
   at System.Xml.XmlTextReaderImpl.Throw(Exception e)
   at System.Xml.XmlTextReaderImpl.Throw(String res, String[] args)
   at System.Xml.XmlTextReaderImpl.ParseAttributes()
   at System.Xml.XmlTextReaderImpl.ParseElement()
   at System.Xml.XmlTextReaderImpl.ParseElementContent()
   at System.Configuration.XmlUtil.CopyXmlNode(XmlUtilWriter utilWriter)
   at System.Configuration.XmlUtil.CopyElement(XmlUtilWriter utilWriter)
   at System.Configuration.XmlUtil.CopySection()
   at System.Configuration.BaseConfigurationRecord.ScanSectionsRecursive(XmlUtil xmlUtil, String parentConfigKey, Boolean inLocation, String locationSubPath, OverrideModeSetting overrideMode, Boolean skipInChildApps)
   at System.Configuration.BaseConfigurationRecord.ScanSections(XmlUtil xmlUtil)
   at System.Configuration.BaseConfigurationRecord.InitConfigFromFile()
   --- End of inner exception stack trace ---
   at System.Configuration.ConfigurationSchemaErrors.ThrowIfErrors(Boolean ignoreLocal)
   at System.Configuration.ClientConfigurationSystem.EnsureInit(String configKey)
   --- End of inner exception stack trace ---
   at System.Configuration.ConfigurationManager.PrepareConfigSystem()
   at System.Configuration.ConfigurationManager.get_ConnectionStrings()
   at GameWikiApp.Config.DatabaseConfig.get_ConnectionString() in B:\GameWikiApp\Config\DatabaseConfig.cs:line 7
   at GameWikiApp.Data.DbConnection.GetConnection() in B:\GameWikiApp\Data\DbConnection.cs:line 10
   at GameWikiApp.Data.UserRepository.GetOpen() in B:\GameWikiApp\Data\UserRepository.cs:line 76
   at GameWikiApp.Data.UserRepository.GetByUsernameAsync(String username) in B:\GameWikiApp\Data\UserRepository.cs:line 14
   at GameWikiApp.Services.AuthService.AuthenticateAsync(String identifier, String password) in B:\GameWikiApp\Services\AuthService.cs:line 50
12.05.2026 19:23:09 DB CHECK ERROR: System.Configuration.ConfigurationErrorsException: Configuration system failed to initialize
 ---> System.Configuration.ConfigurationErrorsException: Name cannot begin with the '<' character, hexadecimal value 0x3C. Line 5, position 1. (B:\GameWikiApp\bin\Debug\net10.0-windows\GameWikiApp.dll.config line 5)
 ---> System.Xml.XmlException: Name cannot begin with the '<' character, hexadecimal value 0x3C. Line 5, position 1.
   at System.Xml.XmlTextReaderImpl.Throw(Exception e)
   at System.Xml.XmlTextReaderImpl.Throw(String res, String[] args)
   at System.Xml.XmlTextReaderImpl.ParseAttributes()
   at System.Xml.XmlTextReaderImpl.ParseElement()
   at System.Xml.XmlTextReaderImpl.ParseElementContent()
   at System.Configuration.XmlUtil.CopyXmlNode(XmlUtilWriter utilWriter)
   at System.Configuration.XmlUtil.CopyElement(XmlUtilWriter utilWriter)
   at System.Configuration.XmlUtil.CopySection()
   at System.Configuration.BaseConfigurationRecord.ScanSectionsRecursive(XmlUtil xmlUtil, String parentConfigKey, Boolean inLocation, String locationSubPath, OverrideModeSetting overrideMode, Boolean skipInChildApps)
   at System.Configuration.BaseConfigurationRecord.ScanSections(XmlUtil xmlUtil)
   at System.Configuration.BaseConfigurationRecord.InitConfigFromFile()
   --- End of inner exception stack trace ---
   at System.Configuration.ConfigurationSchemaErrors.ThrowIfErrors(Boolean ignoreLocal)
   at System.Configuration.ClientConfigurationSystem.EnsureInit(String configKey)
   --- End of inner exception stack trace ---
   at System.Configuration.ClientConfigurationSystem.EnsureInit(String configKey)
   at System.Configuration.ClientConfigurationSystem.PrepareClientConfigSystem(String sectionName)
   at System.Configuration.ClientConfigurationSystem.System.Configuration.Internal.IInternalConfigSystem.GetSection(String sectionName)
   at System.Configuration.ConfigurationManager.get_ConnectionStrings()
   at GameWikiApp.Config.DatabaseConfig.get_ConnectionString() in B:\GameWikiApp\Config\DatabaseConfig.cs:line 7
   at GameWikiApp.Data.DbConnection.GetConnection() in B:\GameWikiApp\Data\DbConnection.cs:line 10
   at GameWikiApp.Data.DbConnection.GetOpen() in B:\GameWikiApp\Data\DbConnection.cs:line 15
   at GameWikiApp.Services.AuthService.CheckDatabaseAsync() in B:\GameWikiApp\Services\AuthService.cs:line 80
12.05.2026 19:23:39 AUTH ERROR: System.Configuration.ConfigurationErrorsException: Configuration system failed to initialize
 ---> System.Configuration.ConfigurationErrorsException: Name cannot begin with the '<' character, hexadecimal value 0x3C. Line 5, position 1. (B:\GameWikiApp\bin\Debug\net10.0-windows\GameWikiApp.dll.config line 5)
 ---> System.Xml.XmlException: Name cannot begin with the '<' character, hexadecimal value 0x3C. Line 5, position 1.
   at System.Xml.XmlTextReaderImpl.Throw(Exception e)
   at System.Xml.XmlTextReaderImpl.Throw(String res, String[] args)
   at System.Xml.XmlTextReaderImpl.ParseAttributes()
   at System.Xml.XmlTextReaderImpl.ParseElement()
   at System.Xml.XmlTextReaderImpl.ParseElementContent()
   at System.Configuration.XmlUtil.CopyXmlNode(XmlUtilWriter utilWriter)
   at System.Configuration.XmlUtil.CopyElement(XmlUtilWriter utilWriter)
   at System.Configuration.XmlUtil.CopySection()
   at System.Configuration.BaseConfigurationRecord.ScanSectionsRecursive(XmlUtil xmlUtil, String parentConfigKey, Boolean inLocation, String locationSubPath, OverrideModeSetting overrideMode, Boolean skipInChildApps)
   at System.Configuration.BaseConfigurationRecord.ScanSections(XmlUtil xmlUtil)
   at System.Configuration.BaseConfigurationRecord.InitConfigFromFile()
   --- End of inner exception stack trace ---
   at System.Configuration.ConfigurationSchemaErrors.ThrowIfErrors(Boolean ignoreLocal)
   at System.Configuration.ClientConfigurationSystem.EnsureInit(String configKey)
   --- End of inner exception stack trace ---
   at System.Configuration.ConfigurationManager.PrepareConfigSystem()
   at System.Configuration.ConfigurationManager.get_ConnectionStrings()
   at GameWikiApp.Config.DatabaseConfig.get_ConnectionString() in B:\GameWikiApp\Config\DatabaseConfig.cs:line 7
   at GameWikiApp.Data.DbConnection.GetConnection() in B:\GameWikiApp\Data\DbConnection.cs:line 10
   at GameWikiApp.Data.UserRepository.GetOpen() in B:\GameWikiApp\Data\UserRepository.cs:line 76
   at GameWikiApp.Data.UserRepository.GetByUsernameAsync(String username) in B:\GameWikiApp\Data\UserRepository.cs:line 14
   at GameWikiApp.Services.AuthService.AuthenticateAsync(String identifier, String password) in B:\GameWikiApp\Services\AuthService.cs:line 50
13.05.2026 05:59:57 DB CHECK ERROR: MySqlConnector.MySqlException (0x80004005): Access denied for user 'root'@'localhost' (using password: YES)
   at MySqlConnector.Core.ServerSession.ReceiveReplyAsync(IOBehavior ioBehavior, CancellationToken cancellationToken) in /_/src/MySqlConnector/Core/ServerSession.cs:line 1081
   at MySqlConnector.Core.ServerSession.SendClearPasswordAsync(String password, IOBehavior ioBehavior, CancellationToken cancellationToken) in /_/src/MySqlConnector/Core/ServerSession.cs:line 931
   at MySqlConnector.Core.ServerSession.SwitchAuthenticationAsync(ConnectionSettings cs, String password, PayloadData payload, IOBehavior ioBehavior, CancellationToken cancellationToken) in /_/src/MySqlConnector/Core/ServerSession.cs:line 900
   at MySqlConnector.Core.ServerSession.ConnectAsync(ConnectionSettings cs, MySqlConnection connection, Int64 startingTimestamp, ILoadBalancer loadBalancer, Activity activity, IOBehavior ioBehavior, CancellationToken cancellationToken) in /_/src/MySqlConnector/Core/ServerSession.cs:line 539
   at MySqlConnector.Core.ServerSession.ConnectAndRedirectAsync(ILogger connectionLogger, ILogger poolLogger, IConnectionPoolMetadata pool, ConnectionSettings cs, ILoadBalancer loadBalancer, MySqlConnection connection, Action`4 logMessage, Int64 startingTimestamp, Activity activity, IOBehavior ioBehavior, CancellationToken cancellationToken) in /_/src/MySqlConnector/Core/ServerSession.cs:line 697
   at MySqlConnector.Core.ServerSession.ConnectAndRedirectAsync(ILogger connectionLogger, ILogger poolLogger, IConnectionPoolMetadata pool, ConnectionSettings cs, ILoadBalancer loadBalancer, MySqlConnection connection, Action`4 logMessage, Int64 startingTimestamp, Activity activity, IOBehavior ioBehavior, CancellationToken cancellationToken) in /_/src/MySqlConnector/Core/ServerSession.cs:line 702
   at MySqlConnector.Core.ConnectionPool.GetSessionAsync(MySqlConnection connection, Int64 startingTimestamp, Int32 timeoutMilliseconds, Activity activity, IOBehavior ioBehavior, CancellationToken cancellationToken) in /_/src/MySqlConnector/Core/ConnectionPool.cs:line 116
   at MySqlConnector.Core.ConnectionPool.GetSessionAsync(MySqlConnection connection, Int64 startingTimestamp, Int32 timeoutMilliseconds, Activity activity, IOBehavior ioBehavior, CancellationToken cancellationToken) in /_/src/MySqlConnector/Core/ConnectionPool.cs:line 150
   at MySqlConnector.MySqlConnection.CreateSessionAsync(ConnectionPool pool, Int64 startingTimestamp, Activity activity, Nullable`1 ioBehavior, CancellationToken cancellationToken) in /_/src/MySqlConnector/MySqlConnection.cs:line 1092
   at MySqlConnector.MySqlConnection.OpenAsync(Nullable`1 ioBehavior, CancellationToken cancellationToken) in /_/src/MySqlConnector/MySqlConnection.cs:line 567
   at MySqlConnector.MySqlConnection.Open() in /_/src/MySqlConnector/MySqlConnection.cs:line 522
   at GameWikiApp.Data.DbConnection.GetOpen() in D:\GameWikiApp\Data\DbConnection.cs:line 16
   at GameWikiApp.Services.AuthService.CheckDatabaseAsync() in D:\GameWikiApp\Services\AuthService.cs:line 80
