[12.05.2026 10:45:43] LoginForm: right.Controls.Count=7
LoginForm: control[0]=RoundedButton, Visible=False, Location={X=60,Y=365}, Size={Width=300, Height=45}, Parent=Panel
LoginForm: control[1]=RoundedButton, Visible=False, Location={X=60,Y=310}, Size={Width=300, Height=45}, Parent=Panel
LoginForm: control[2]=TextBox, Visible=False, Location={X=60,Y=240}, Size={Width=300, Height=29}, Parent=Panel
LoginForm: control[3]=Label, Visible=False, Location={X=60,Y=215}, Size={Width=87, Height=19}, Parent=Panel
LoginForm: control[4]=TextBox, Visible=False, Location={X=60,Y=165}, Size={Width=300, Height=29}, Parent=Panel
LoginForm: control[5]=Label, Visible=False, Location={X=60,Y=140}, Size={Width=88, Height=19}, Parent=Panel
LoginForm: control[6]=Label, Visible=False, Location={X=60,Y=50}, Size={Width=170, Height=59}, Parent=Panel
LoginForm: this.Controls.Count=2

[12.05.2026 10:47:17] LoginForm: right.Controls.Count=7
[12.05.2026 10:47:17] LoginForm: right.Visible=False, left.Visible=False, right.Enabled=True, left.Enabled=True
LoginForm: control[0]=RoundedButton, Visible=False, Location={X=60,Y=365}, Size={Width=300, Height=45}, Parent=Panel
LoginForm: control[1]=RoundedButton, Visible=False, Location={X=60,Y=310}, Size={Width=300, Height=45}, Parent=Panel
LoginForm: control[2]=TextBox, Visible=False, Location={X=60,Y=240}, Size={Width=300, Height=29}, Parent=Panel
LoginForm: control[3]=Label, Visible=False, Location={X=60,Y=215}, Size={Width=87, Height=19}, Parent=Panel
LoginForm: control[4]=TextBox, Visible=False, Location={X=60,Y=165}, Size={Width=300, Height=29}, Parent=Panel
LoginForm: control[5]=Label, Visible=False, Location={X=60,Y=140}, Size={Width=88, Height=19}, Parent=Panel
LoginForm: control[6]=Label, Visible=False, Location={X=60,Y=50}, Size={Width=170, Height=59}, Parent=Panel
LoginForm: this.Controls.Count=2

[12.05.2026 10:49:01] LoginForm: right.Controls.Count=7
[12.05.2026 10:49:01] LoginForm: right.Visible=False, left.Visible=False, right.Enabled=True, left.Enabled=True
LoginForm: control[0]=Button, Visible=False, Location={X=60,Y=365}, Size={Width=300, Height=45}, Parent=Panel
LoginForm: control[1]=Button, Visible=False, Location={X=60,Y=310}, Size={Width=300, Height=45}, Parent=Panel
LoginForm: control[2]=TextBox, Visible=False, Location={X=60,Y=240}, Size={Width=300, Height=29}, Parent=Panel
LoginForm: control[3]=Label, Visible=False, Location={X=60,Y=215}, Size={Width=87, Height=19}, Parent=Panel
LoginForm: control[4]=TextBox, Visible=False, Location={X=60,Y=165}, Size={Width=300, Height=29}, Parent=Panel
LoginForm: control[5]=Label, Visible=False, Location={X=60,Y=140}, Size={Width=88, Height=19}, Parent=Panel
LoginForm: control[6]=Label, Visible=False, Location={X=60,Y=50}, Size={Width=170, Height=59}, Parent=Panel
LoginForm: this.Controls.Count=2

[12.05.2026 10:50:58] LoginForm: right.Controls.Count=7
[12.05.2026 10:50:58] LoginForm: right.Visible=False, left.Visible=False, right.Enabled=True, left.Enabled=True
LoginForm: control[0]=Button, Visible=False, Location={X=60,Y=365}, Size={Width=300, Height=45}, Parent=Panel
LoginForm: control[1]=Button, Visible=False, Location={X=60,Y=310}, Size={Width=300, Height=45}, Parent=Panel
LoginForm: control[2]=TextBox, Visible=False, Location={X=60,Y=240}, Size={Width=300, Height=29}, Parent=Panel
LoginForm: control[3]=Label, Visible=False, Location={X=60,Y=215}, Size={Width=87, Height=19}, Parent=Panel
LoginForm: control[4]=TextBox, Visible=False, Location={X=60,Y=165}, Size={Width=300, Height=29}, Parent=Panel
LoginForm: control[5]=Label, Visible=False, Location={X=60,Y=140}, Size={Width=88, Height=19}, Parent=Panel
LoginForm: control[6]=Label, Visible=False, Location={X=60,Y=50}, Size={Width=170, Height=59}, Parent=Panel
LoginForm: this.Controls.Count=2

